\BOOKMARK [1][-]{section.1}{Transformada de Fourier Cl\341sica}{}% 1
\BOOKMARK [2][-]{subsection.1.1}{Series de Fourier}{section.1}% 2
\BOOKMARK [2][-]{subsection.1.2}{Integral de Fourier}{section.1}% 3
\BOOKMARK [2][-]{subsection.1.3}{Transformada de Fourier}{section.1}% 4
\BOOKMARK [1][-]{section.2}{Transformada Cu\341ntica de Fourier}{}% 5
\BOOKMARK [2][-]{subsection.2.1}{Introducci\363n}{section.2}% 6
\BOOKMARK [1][-]{section.3}{De bits a Qubits}{}% 7
\BOOKMARK [2][-]{subsection.3.1}{Notaci\363n de Dirac}{section.3}% 8
\BOOKMARK [2][-]{subsection.3.2}{Representaci\363n de Qubit}{section.3}% 9
\BOOKMARK [1][-]{section.4}{Mediciones}{}% 10
\BOOKMARK [2][-]{subsection.4.1}{Regla de Born}{section.4}% 11
\BOOKMARK [1][-]{section.5}{Circuitos Cu\341nticos}{}% 12
\BOOKMARK [2][-]{subsection.5.1}{Compuertas de un solo Qubit}{section.5}% 13
\BOOKMARK [3][-]{subsubsection.5.1.1}{Matrices de Pauli}{subsection.5.1}% 14
\BOOKMARK [3][-]{subsubsection.5.1.2}{Compuerta de Hadamard}{subsection.5.1}% 15
\BOOKMARK [2][-]{subsection.5.2}{Estados cu\341nticos de multipart\355culas}{section.5}% 16
\BOOKMARK [2][-]{subsection.5.3}{Compuertas de dos Qubits}{section.5}% 17
\BOOKMARK [1][-]{section.6}{Entrelazamiento cu\341ntico}{}% 18
\BOOKMARK [2][-]{subsection.6.1}{Estados de Bell}{section.6}% 19
\BOOKMARK [2][-]{subsection.6.2}{Creaci\363n de los estados de Bell}{section.6}% 20
\BOOKMARK [2][-]{subsection.6.3}{Medici\363n de Bell}{section.6}% 21
\BOOKMARK [1][-]{section.7}{Teletransportaci\363n cu\341ntica}{}% 22
